[7872:11548:0222/155726.293:ERROR:device_event_log_impl.cc(211)] [15:57:26.292] USB: usb_device_handle_win.cc:1049 Failed to read descriptor from node connection: A device attached to the system is not functioning. (0x1F)
[7872:11548:0222/155726.320:ERROR:device_event_log_impl.cc(211)] [15:57:26.321] Bluetooth: bluetooth_adapter_winrt.cc:1072 Getting Default Adapter failed.
[7872:11548:0222/155737.747:INFO:CONSOLE(0)] "[DOM] Input elements should have autocomplete attributes (suggested: "current-password"): (More info: https://goo.gl/9p2vKq) %o", source: https://www.udemy.com/join/signup-popup/?locale=en_US&response_type=html&next=https%3A%2F%2Fwww.udemy.com%2F (0)
[7872:11548:0222/155738.110:INFO:CONSOLE(0)] "[DOM] Input elements should have autocomplete attributes (suggested: "current-password"): (More info: https://goo.gl/9p2vKq) %o", source: https://www.udemy.com/join/signup-popup/?locale=en_US&response_type=html&next=https%3A%2F%2Fwww.udemy.com%2F (0)
[7872:11548:0222/155746.154:INFO:CONSOLE(1)] "recaptchacompat disabled", source: https://hcaptcha.com/1/api.js?render=explicit&recaptchacompat=off&onload=_cf_chl_hload (1)
[7872:11548:0222/155747.567:INFO:CONSOLE(4)] "'window.webkitStorageInfo' is deprecated. Please use 'navigator.webkitTemporaryStorage' or 'navigator.webkitPersistentStorage' instead.", source:  (4)
[7872:11548:0222/155816.001:INFO:CONSOLE(1)] "recaptchacompat disabled", source: https://hcaptcha.com/1/api.js?render=explicit&recaptchacompat=off&onload=_cf_chl_hload (1)
[7872:11548:0222/155817.488:INFO:CONSOLE(4)] "'window.webkitStorageInfo' is deprecated. Please use 'navigator.webkitTemporaryStorage' or 'navigator.webkitPersistentStorage' instead.", source:  (4)
[7872:11548:0222/155817.530:INFO:CONSOLE(1)] "chrome.loadTimes() is deprecated, instead use standardized API: Navigation Timing 2. https://www.chromestatus.com/features/5637885046816768.", source: https://www.udemy.com/cdn-cgi/challenge-platform/h/b/orchestrate/captcha/v1 (1)
[7872:11548:0222/155817.530:INFO:CONSOLE(1)] "chrome.loadTimes() is deprecated, instead use standardized API: Navigation Timing 2. https://www.chromestatus.com/features/5637885046816768.", source: https://www.udemy.com/cdn-cgi/challenge-platform/h/b/orchestrate/captcha/v1 (1)
[7872:11548:0222/155817.530:INFO:CONSOLE(1)] "chrome.loadTimes() is deprecated, instead use standardized API: Navigation Timing 2. https://www.chromestatus.com/features/5637885046816768.", source: https://www.udemy.com/cdn-cgi/challenge-platform/h/b/orchestrate/captcha/v1 (1)
[7872:11548:0222/155817.530:INFO:CONSOLE(1)] "chrome.loadTimes() is deprecated, instead use standardized API: Navigation Timing 2. https://www.chromestatus.com/features/5637885046816768.", source: https://www.udemy.com/cdn-cgi/challenge-platform/h/b/orchestrate/captcha/v1 (1)
[7872:11548:0222/155817.530:INFO:CONSOLE(1)] "chrome.loadTimes() is deprecated, instead use standardized API: Navigation Timing 2. https://www.chromestatus.com/features/5637885046816768.", source: https://www.udemy.com/cdn-cgi/challenge-platform/h/b/orchestrate/captcha/v1 (1)
[7872:11548:0222/155817.530:INFO:CONSOLE(1)] "chrome.loadTimes() is deprecated, instead use standardized API: Paint Timing. https://www.chromestatus.com/features/5637885046816768.", source: https://www.udemy.com/cdn-cgi/challenge-platform/h/b/orchestrate/captcha/v1 (1)
[7872:11548:0222/155817.530:INFO:CONSOLE(1)] "chrome.loadTimes() is deprecated, instead use standardized API: Paint Timing. https://www.chromestatus.com/features/5637885046816768.", source: https://www.udemy.com/cdn-cgi/challenge-platform/h/b/orchestrate/captcha/v1 (1)
[7872:11548:0222/155817.530:INFO:CONSOLE(1)] "chrome.loadTimes() is deprecated, instead use standardized API: Navigation Timing 2. https://www.chromestatus.com/features/5637885046816768.", source: https://www.udemy.com/cdn-cgi/challenge-platform/h/b/orchestrate/captcha/v1 (1)
[7872:11548:0222/155817.530:INFO:CONSOLE(1)] "chrome.loadTimes() is deprecated, instead use standardized API: nextHopProtocol in Navigation Timing 2. https://www.chromestatus.com/features/5637885046816768.", source: https://www.udemy.com/cdn-cgi/challenge-platform/h/b/orchestrate/captcha/v1 (1)
[7872:11548:0222/155817.531:INFO:CONSOLE(1)] "chrome.loadTimes() is deprecated, instead use standardized API: nextHopProtocol in Navigation Timing 2. https://www.chromestatus.com/features/5637885046816768.", source: https://www.udemy.com/cdn-cgi/challenge-platform/h/b/orchestrate/captcha/v1 (1)
[7872:11548:0222/155817.531:INFO:CONSOLE(1)] "chrome.loadTimes() is deprecated, instead use standardized API: nextHopProtocol in Navigation Timing 2. https://www.chromestatus.com/features/5637885046816768.", source: https://www.udemy.com/cdn-cgi/challenge-platform/h/b/orchestrate/captcha/v1 (1)
[7872:11548:0222/155817.531:INFO:CONSOLE(1)] "chrome.loadTimes() is deprecated, instead use standardized API: nextHopProtocol in Navigation Timing 2. https://www.chromestatus.com/features/5637885046816768.", source: https://www.udemy.com/cdn-cgi/challenge-platform/h/b/orchestrate/captcha/v1 (1)
[7872:11548:0222/155817.531:INFO:CONSOLE(1)] "chrome.loadTimes() is deprecated, instead use standardized API: Navigation Timing 2. https://www.chromestatus.com/features/5637885046816768.", source: https://www.udemy.com/cdn-cgi/challenge-platform/h/b/orchestrate/captcha/v1 (1)
[7872:11548:0222/155856.173:INFO:CONSOLE(1)] "recaptchacompat disabled", source: https://hcaptcha.com/1/api.js?render=explicit&recaptchacompat=off&onload=_cf_chl_hload (1)
[7872:11548:0222/155857.706:INFO:CONSOLE(4)] "'window.webkitStorageInfo' is deprecated. Please use 'navigator.webkitTemporaryStorage' or 'navigator.webkitPersistentStorage' instead.", source:  (4)
[7872:11548:0222/160105.530:INFO:CONSOLE(1)] "recaptchacompat disabled", source: https://hcaptcha.com/1/api.js?render=explicit&recaptchacompat=off&onload=_cf_chl_hload (1)
[7872:11548:0222/160112.241:INFO:CONSOLE(4)] "'window.webkitStorageInfo' is deprecated. Please use 'navigator.webkitTemporaryStorage' or 'navigator.webkitPersistentStorage' instead.", source:  (4)
[7872:11548:0222/160112.286:INFO:CONSOLE(1)] "chrome.loadTimes() is deprecated, instead use standardized API: Navigation Timing 2. https://www.chromestatus.com/features/5637885046816768.", source: https://www.udemy.com/cdn-cgi/challenge-platform/h/b/orchestrate/captcha/v1 (1)
[7872:11548:0222/160112.287:INFO:CONSOLE(1)] "chrome.loadTimes() is deprecated, instead use standardized API: Navigation Timing 2. https://www.chromestatus.com/features/5637885046816768.", source: https://www.udemy.com/cdn-cgi/challenge-platform/h/b/orchestrate/captcha/v1 (1)
[7872:11548:0222/160112.287:INFO:CONSOLE(1)] "chrome.loadTimes() is deprecated, instead use standardized API: Navigation Timing 2. https://www.chromestatus.com/features/5637885046816768.", source: https://www.udemy.com/cdn-cgi/challenge-platform/h/b/orchestrate/captcha/v1 (1)
[7872:11548:0222/160112.287:INFO:CONSOLE(1)] "chrome.loadTimes() is deprecated, instead use standardized API: Navigation Timing 2. https://www.chromestatus.com/features/5637885046816768.", source: https://www.udemy.com/cdn-cgi/challenge-platform/h/b/orchestrate/captcha/v1 (1)
[7872:11548:0222/160112.287:INFO:CONSOLE(1)] "chrome.loadTimes() is deprecated, instead use standardized API: Navigation Timing 2. https://www.chromestatus.com/features/5637885046816768.", source: https://www.udemy.com/cdn-cgi/challenge-platform/h/b/orchestrate/captcha/v1 (1)
[7872:11548:0222/160112.287:INFO:CONSOLE(1)] "chrome.loadTimes() is deprecated, instead use standardized API: Paint Timing. https://www.chromestatus.com/features/5637885046816768.", source: https://www.udemy.com/cdn-cgi/challenge-platform/h/b/orchestrate/captcha/v1 (1)
[7872:11548:0222/160112.287:INFO:CONSOLE(1)] "chrome.loadTimes() is deprecated, instead use standardized API: Paint Timing. https://www.chromestatus.com/features/5637885046816768.", source: https://www.udemy.com/cdn-cgi/challenge-platform/h/b/orchestrate/captcha/v1 (1)
[7872:11548:0222/160112.287:INFO:CONSOLE(1)] "chrome.loadTimes() is deprecated, instead use standardized API: Navigation Timing 2. https://www.chromestatus.com/features/5637885046816768.", source: https://www.udemy.com/cdn-cgi/challenge-platform/h/b/orchestrate/captcha/v1 (1)
[7872:11548:0222/160112.287:INFO:CONSOLE(1)] "chrome.loadTimes() is deprecated, instead use standardized API: nextHopProtocol in Navigation Timing 2. https://www.chromestatus.com/features/5637885046816768.", source: https://www.udemy.com/cdn-cgi/challenge-platform/h/b/orchestrate/captcha/v1 (1)
[7872:11548:0222/160112.287:INFO:CONSOLE(1)] "chrome.loadTimes() is deprecated, instead use standardized API: nextHopProtocol in Navigation Timing 2. https://www.chromestatus.com/features/5637885046816768.", source: https://www.udemy.com/cdn-cgi/challenge-platform/h/b/orchestrate/captcha/v1 (1)
[7872:11548:0222/160112.287:INFO:CONSOLE(1)] "chrome.loadTimes() is deprecated, instead use standardized API: nextHopProtocol in Navigation Timing 2. https://www.chromestatus.com/features/5637885046816768.", source: https://www.udemy.com/cdn-cgi/challenge-platform/h/b/orchestrate/captcha/v1 (1)
[7872:11548:0222/160112.287:INFO:CONSOLE(1)] "chrome.loadTimes() is deprecated, instead use standardized API: nextHopProtocol in Navigation Timing 2. https://www.chromestatus.com/features/5637885046816768.", source: https://www.udemy.com/cdn-cgi/challenge-platform/h/b/orchestrate/captcha/v1 (1)
[7872:11548:0222/160112.287:INFO:CONSOLE(1)] "chrome.loadTimes() is deprecated, instead use standardized API: Navigation Timing 2. https://www.chromestatus.com/features/5637885046816768.", source: https://www.udemy.com/cdn-cgi/challenge-platform/h/b/orchestrate/captcha/v1 (1)
[7872:11548:0222/160119.125:WARNING:pref_notifier_impl.cc(40)] Pref observer for media_router.cast_allow_all_ips found at shutdown.
